SF:lib/models/fusion_log_entry.dart
DA:9,2
LF:1
LH:1
end_of_record
SF:lib/services/fusion_log_service.dart
DA:15,1
DA:16,2
DA:18,2
DA:21,2
DA:22,4
DA:23,4
DA:26,1
DA:28,2
LF:8
LH:8
end_of_record
SF:lib/services/local_state_queue.dart
DA:7,0
DA:20,1
DA:23,3
DA:26,1
DA:27,2
DA:31,1
DA:32,2
DA:33,1
DA:37,3
DA:40,1
DA:41,1
DA:42,2
DA:43,2
DA:44,3
DA:46,1
DA:50,1
DA:51,3
DA:53,1
DA:55,2
DA:56,2
DA:57,1
DA:58,2
DA:62,1
DA:63,2
DA:70,2
DA:74,1
LF:26
LH:25
end_of_record
SF:lib/utils/cooldown_timer.dart
DA:6,1
DA:7,3
DA:8,2
DA:12,3
DA:15,6
DA:18,1
DA:19,1
DA:20,1
DA:24,1
DA:25,2
DA:26,2
DA:27,2
DA:28,0
DA:34,5
LF:14
LH:13
end_of_record
SF:lib/models/game_state_provider.dart
DA:24,5
DA:26,5
DA:30,0
DA:31,0
DA:32,0
DA:35,3
DA:36,14
DA:37,21
DA:40,4
DA:41,20
DA:42,28
DA:45,4
DA:46,18
DA:47,28
DA:50,0
DA:51,0
DA:54,1
DA:55,10
DA:58,1
DA:59,10
DA:62,0
DA:63,0
DA:64,0
DA:67,1
DA:68,9
DA:69,3
DA:72,4
DA:73,0
DA:74,0
DA:76,0
DA:78,0
DA:79,0
DA:80,0
DA:83,2
DA:89,15
DA:90,15
LF:36
LH:22
end_of_record
SF:lib/models/game_state.dart
DA:11,5
DA:19,0
DA:20,0
DA:21,0
DA:22,0
DA:23,0
DA:24,0
DA:25,0
DA:26,0
DA:27,0
DA:28,0
DA:29,0
DA:33,0
DA:34,0
DA:35,0
DA:36,0
DA:37,0
DA:41,5
DA:46,5
DA:47,5
DA:48,4
DA:49,4
LF:22
LH:6
end_of_record
SF:lib/models/mote.dart
DA:8,4
DA:14,0
DA:15,2
DA:16,2
DA:18,0
DA:19,0
DA:20,0
DA:22,1
DA:23,1
DA:24,1
DA:25,0
DA:29,0
DA:30,0
DA:31,0
DA:34,0
DA:35,0
DA:36,0
DA:37,0
DA:38,0
DA:42,0
DA:43,0
DA:45,0
DA:46,0
LF:23
LH:6
end_of_record
SF:lib/models/vector.dart
DA:4,4
DA:6,0
DA:8,0
DA:9,0
DA:11,0
DA:12,0
DA:14,0
DA:15,0
LF:8
LH:1
end_of_record
SF:lib/models/star.dart
DA:8,4
DA:14,0
DA:17,0
DA:19,0
DA:20,0
DA:21,0
DA:22,0
DA:23,0
DA:27,0
DA:28,0
DA:29,0
DA:30,0
DA:33,0
DA:34,0
DA:35,0
DA:36,0
DA:39,0
DA:41,0
DA:42,0
DA:43,0
DA:44,0
DA:46,0
DA:47,0
LF:23
LH:1
end_of_record
SF:lib/systems/persistence_service.dart
DA:13,0
DA:15,0
DA:16,0
DA:19,0
DA:21,0
DA:22,0
LF:6
LH:0
end_of_record
SF:lib/models/attack_particle.dart
DA:12,3
DA:19,1
DA:26,1
DA:27,3
DA:28,3
DA:29,2
DA:31,1
LF:7
LH:7
end_of_record
SF:lib/game/scoring_service.dart
DA:16,1
DA:20,4
DA:23,2
DA:24,2
DA:25,1
DA:26,1
DA:27,1
DA:33,4
LF:8
LH:8
end_of_record
SF:lib/game/circuit_breaker.dart
DA:13,1
DA:22,1
DA:23,3
DA:24,1
DA:25,5
DA:34,3
DA:37,1
DA:38,1
DA:39,1
DA:40,1
DA:44,1
DA:45,2
DA:46,2
DA:47,1
LF:14
LH:14
end_of_record
SF:lib/game/particle_manager.dart
DA:14,1
DA:15,3
DA:16,1
DA:17,2
DA:18,1
LF:5
LH:5
end_of_record
SF:lib/components/attack_particle_component.dart
DA:11,2
DA:13,2
DA:14,4
DA:16,0
DA:18,0
DA:19,0
DA:20,0
DA:24,0
DA:26,0
DA:27,0
DA:28,0
DA:30,0
DA:31,0
DA:32,0
LF:14
LH:3
end_of_record
SF:lib/game/retry_scheduler.dart
DA:9,1
DA:11,1
DA:12,6
DA:14,1
DA:16,4
DA:17,2
DA:23,0
LF:7
LH:6
end_of_record
SF:lib/providers/combat_state_provider.dart
DA:10,4
DA:11,2
DA:12,2
DA:16,4
DA:17,2
DA:18,1
DA:20,2
DA:21,1
DA:22,1
DA:28,0
DA:29,0
DA:33,4
DA:34,3
DA:38,4
DA:39,2
DA:40,1
DA:41,2
DA:45,0
DA:46,0
DA:47,0
DA:51,0
DA:52,0
LF:22
LH:15
end_of_record
SF:lib/components/combat_score_text_component.dart
DA:9,0
DA:12,0
DA:13,0
LF:3
LH:0
end_of_record
SF:lib/providers/battle_state_notifier.dart
DA:13,1
DA:19,0
DA:20,0
DA:24,0
DA:26,0
DA:31,3
DA:32,2
LF:7
LH:3
end_of_record
SF:lib/components/combat_particle_component.dart
DA:30,0
DA:39,0
DA:41,0
DA:43,0
DA:44,0
DA:45,0
DA:46,0
DA:48,0
DA:51,0
DA:53,0
DA:54,0
DA:55,0
DA:59,0
DA:60,0
DA:61,0
DA:62,0
DA:66,0
DA:67,0
DA:69,0
DA:70,0
DA:71,0
DA:72,0
DA:74,0
DA:75,0
DA:76,0
DA:78,0
DA:79,0
DA:80,0
DA:82,0
DA:83,0
DA:84,0
LF:31
LH:0
end_of_record
SF:lib/game/particle_system.dart
DA:10,0
DA:12,0
DA:14,0
DA:15,0
DA:16,0
DA:17,0
DA:18,0
DA:19,0
DA:20,0
DA:21,0
DA:23,0
DA:24,0
DA:25,0
DA:28,0
DA:32,0
DA:36,0
DA:37,0
DA:38,0
DA:39,0
DA:45,0
DA:48,0
DA:49,0
DA:51,0
DA:52,0
DA:53,0
DA:54,0
DA:60,0
DA:63,0
DA:64,0
DA:65,0
DA:68,0
DA:70,0
DA:71,0
DA:72,0
DA:76,0
DA:77,0
LF:36
LH:0
end_of_record
SF:lib/components/particle_component.dart
DA:9,0
DA:14,0
DA:16,0
DA:17,0
DA:18,0
DA:22,0
DA:24,0
DA:25,0
DA:26,0
DA:27,0
DA:28,0
DA:29,0
DA:32,0
DA:35,0
DA:36,0
LF:15
LH:0
end_of_record
SF:lib/models/particle.dart
DA:20,0
DA:30,0
DA:31,0
DA:33,0
DA:42,0
DA:43,0
DA:44,0
DA:45,0
DA:46,0
DA:47,0
DA:48,0
DA:49,0
DA:53,0
DA:54,0
DA:55,0
DA:56,0
DA:57,0
DA:58,0
DA:59,0
DA:60,0
DA:61,0
DA:65,0
DA:66,0
DA:67,0
DA:68,0
DA:69,0
DA:71,0
DA:72,0
DA:73,0
DA:75,0
DA:76,0
DA:77,0
DA:78,0
DA:79,0
LF:34
LH:0
end_of_record
SF:lib/components/combat_score_component.dart
DA:8,1
DA:10,1
DA:13,1
DA:23,1
DA:24,1
DA:25,3
DA:29,0
LF:7
LH:6
end_of_record
SF:lib/components/score_pop_component.dart
DA:11,1
DA:15,1
DA:18,1
DA:27,1
DA:29,2
DA:30,4
DA:31,2
DA:34,4
DA:37,2
DA:38,1
DA:39,3
DA:45,3
DA:46,0
LF:13
LH:12
end_of_record
SF:lib/services/server_validation_service.dart
DA:16,1
DA:17,1
DA:18,5
DA:19,1
DA:24,1
DA:25,1
DA:27,1
DA:32,0
DA:33,0
DA:36,0
DA:40,0
DA:41,0
LF:12
LH:7
end_of_record
